Starting daemon...
Fri Aug 16 21:23:47 2019
Daemon successfuly started.
Playing file ./Audio/Tracks/02.mp3
Shutting down.
Fri Aug 16 21:24:16 2019
Starting daemon...
Fri Aug 16 21:25:03 2019
Daemon successfuly started.
Playing file ./Audio/Tracks/01.mp3
Shutting down.
Fri Aug 16 21:25:16 2019
Starting daemon...
Fri Aug 16 21:25:26 2019
Daemon successfuly started.
Playing file ./Audio/Tracks/02.mp3
Playing file ./Audio/Tracks/01.mp3
Shutting down.
Fri Aug 16 21:28:39 2019
Starting daemon...
Fri Aug 16 21:52:26 2019
Daemon successfuly started.
Playing file ./Audio/Tracks/02.mp3
Shutting down.
Fri Aug 16 21:53:53 2019
